<?xml version="1.0" encoding="UTF-8"?>
<testsuite name="com.okamikosoft.pdf_signature_sdk.ExampleUnitTest" tests="1" skipped="0" failures="0" errors="0" timestamp="2025-04-01T14:39:38" hostname="Onurs-MacBook-Air.local" time="0.002">
  <properties/>
  <testcase name="addition_isCorrect" classname="com.okamikosoft.pdf_signature_sdk.ExampleUnitTest" time="0.002"/>
  <system-out><![CDATA[]]></system-out>
  <system-err><![CDATA[]]></system-err>
</testsuite>
